[ 2016-11-19T10:02:33+08:00 ] ::1 /tpshop/
INFO: [ app_init ] --START--
INFO: Run Behavior\BuildLiteBehavior [ RunTime:0.000000s ]
INFO: [ app_init ] --END-- [ RunTime:0.002000s ]
INFO: [ app_begin ] --START--
INFO: Run Behavior\ReadHtmlCacheBehavior [ RunTime:0.002000s ]
INFO: [ app_begin ] --END-- [ RunTime:0.002000s ]
SQL: SHOW COLUMNS FROM `ecs_goods` [ RunTime:0.0080s ]
SQL: SELECT * FROM `ecs_goods` WHERE `is_hot` = 1  [ RunTime:0.0010s ]
SQL: SELECT * FROM `ecs_goods`  [ RunTime:0.0010s ]
SQL: SELECT * FROM `ecs_goods`  [ RunTime:0.0010s ]
SQL: SELECT * FROM `ecs_goods` WHERE `is_new` = 1  [ RunTime:0.0010s ]
SQL: SELECT * FROM `ecs_goods`  [ RunTime:0.0010s ]
SQL: SELECT * FROM `ecs_goods` WHERE `goods_type` = 0  [ RunTime:0.0000s ]
SQL: SELECT * FROM `ecs_goods` WHERE `goods_type` = 0  [ RunTime:0.0010s ]
SQL: SELECT * FROM `ecs_goods` WHERE `goods_type` = 0  [ RunTime:0.0000s ]
SQL: SELECT * FROM `ecs_goods` WHERE `goods_type` = 0  [ RunTime:0.0010s ]
INFO: [ view_parse ] --START--
INFO: [ template_filter ] --START--
INFO: Run Behavior\ContentReplaceBehavior [ RunTime:0.000000s ]
INFO: [ template_filter ] --END-- [ RunTime:0.000000s ]
INFO: Run Behavior\ParseTemplateBehavior [ RunTime:0.063003s ]
INFO: [ view_parse ] --END-- [ RunTime:0.063003s ]
INFO: [ view_filter ] --START--
INFO: Run Behavior\WriteHtmlCacheBehavior [ RunTime:0.002000s ]
INFO: [ view_filter ] --END-- [ RunTime:0.002000s ]
INFO: [ app_end ] --START--
INFO: Run Behavior\ShowPageTraceBehavior [ RunTime:0.003001s ]
INFO: [ app_end ] --END-- [ RunTime:0.003001s ]

[ 2016-11-19T10:02:43+08:00 ] ::1 /tpshop/
INFO: [ app_init ] --START--
INFO: Run Behavior\BuildLiteBehavior [ RunTime:0.000000s ]
INFO: [ app_init ] --END-- [ RunTime:0.002000s ]
INFO: [ app_begin ] --START--
INFO: Run Behavior\ReadHtmlCacheBehavior [ RunTime:0.001000s ]
INFO: [ app_begin ] --END-- [ RunTime:0.001000s ]
SQL: SHOW COLUMNS FROM `ecs_goods` [ RunTime:0.0070s ]
SQL: SELECT * FROM `ecs_goods` WHERE `is_hot` = 1  [ RunTime:0.0030s ]
SQL: SELECT * FROM `ecs_goods`  [ RunTime:0.0010s ]
SQL: SELECT * FROM `ecs_goods`  [ RunTime:0.0010s ]
SQL: SELECT * FROM `ecs_goods` WHERE `is_new` = 1  [ RunTime:0.0000s ]
SQL: SELECT * FROM `ecs_goods`  [ RunTime:0.0010s ]
SQL: SELECT * FROM `ecs_goods` WHERE `goods_type` = 0  [ RunTime:0.0010s ]
SQL: SELECT * FROM `ecs_goods` WHERE `goods_type` = 0  [ RunTime:0.0000s ]
SQL: SELECT * FROM `ecs_goods` WHERE `goods_type` = 0  [ RunTime:0.0010s ]
SQL: SELECT * FROM `ecs_goods` WHERE `goods_type` = 0  [ RunTime:0.0000s ]
INFO: [ view_parse ] --START--
INFO: [ template_filter ] --START--
INFO: Run Behavior\ContentReplaceBehavior [ RunTime:0.000000s ]
INFO: [ template_filter ] --END-- [ RunTime:0.000000s ]
INFO: Run Behavior\ParseTemplateBehavior [ RunTime:0.028001s ]
INFO: [ view_parse ] --END-- [ RunTime:0.028001s ]
INFO: [ view_filter ] --START--
INFO: Run Behavior\WriteHtmlCacheBehavior [ RunTime:0.002000s ]
INFO: [ view_filter ] --END-- [ RunTime:0.002000s ]
INFO: [ app_end ] --START--
INFO: Run Behavior\ShowPageTraceBehavior [ RunTime:0.006000s ]
INFO: [ app_end ] --END-- [ RunTime:0.006000s ]

[ 2016-11-19T10:02:45+08:00 ] ::1 /tpshop/
INFO: [ app_init ] --START--
INFO: Run Behavior\BuildLiteBehavior [ RunTime:0.000000s ]
INFO: [ app_init ] --END-- [ RunTime:0.001000s ]
INFO: [ app_begin ] --START--
INFO: Run Behavior\ReadHtmlCacheBehavior [ RunTime:0.036002s ]
INFO: [ app_begin ] --END-- [ RunTime:0.036002s ]
SQL: SHOW COLUMNS FROM `ecs_goods` [ RunTime:0.0070s ]
SQL: SELECT * FROM `ecs_goods` WHERE `is_hot` = 1  [ RunTime:0.0010s ]
SQL: SELECT * FROM `ecs_goods`  [ RunTime:0.0010s ]
SQL: SELECT * FROM `ecs_goods`  [ RunTime:0.0000s ]
SQL: SELECT * FROM `ecs_goods` WHERE `is_new` = 1  [ RunTime:0.0010s ]
SQL: SELECT * FROM `ecs_goods`  [ RunTime:0.0010s ]
SQL: SELECT * FROM `ecs_goods` WHERE `goods_type` = 0  [ RunTime:0.0000s ]
SQL: SELECT * FROM `ecs_goods` WHERE `goods_type` = 0  [ RunTime:0.0000s ]
SQL: SELECT * FROM `ecs_goods` WHERE `goods_type` = 0  [ RunTime:0.0010s ]
SQL: SELECT * FROM `ecs_goods` WHERE `goods_type` = 0  [ RunTime:0.0000s ]
INFO: [ view_parse ] --START--
INFO: [ template_filter ] --START--
INFO: Run Behavior\ContentReplaceBehavior [ RunTime:0.001000s ]
INFO: [ template_filter ] --END-- [ RunTime:0.001000s ]
INFO: Run Behavior\ParseTemplateBehavior [ RunTime:0.029002s ]
INFO: [ view_parse ] --END-- [ RunTime:0.029002s ]
INFO: [ view_filter ] --START--
INFO: Run Behavior\WriteHtmlCacheBehavior [ RunTime:0.002000s ]
INFO: [ view_filter ] --END-- [ RunTime:0.002000s ]
INFO: [ app_end ] --START--
INFO: Run Behavior\ShowPageTraceBehavior [ RunTime:0.003000s ]
INFO: [ app_end ] --END-- [ RunTime:0.003000s ]

[ 2016-11-19T10:02:46+08:00 ] ::1 /tpshop/
INFO: [ app_init ] --START--
INFO: Run Behavior\BuildLiteBehavior [ RunTime:0.000000s ]
INFO: [ app_init ] --END-- [ RunTime:0.002000s ]
INFO: [ app_begin ] --START--
INFO: Run Behavior\ReadHtmlCacheBehavior [ RunTime:0.001000s ]
INFO: [ app_begin ] --END-- [ RunTime:0.001000s ]
SQL: SHOW COLUMNS FROM `ecs_goods` [ RunTime:0.0190s ]
SQL: SELECT * FROM `ecs_goods` WHERE `is_hot` = 1  [ RunTime:0.0030s ]
SQL: SELECT * FROM `ecs_goods`  [ RunTime:0.0020s ]
SQL: SELECT * FROM `ecs_goods`  [ RunTime:0.0010s ]
SQL: SELECT * FROM `ecs_goods` WHERE `is_new` = 1  [ RunTime:0.0010s ]
SQL: SELECT * FROM `ecs_goods`  [ RunTime:0.0010s ]
SQL: SELECT * FROM `ecs_goods` WHERE `goods_type` = 0  [ RunTime:0.0000s ]
SQL: SELECT * FROM `ecs_goods` WHERE `goods_type` = 0  [ RunTime:0.0000s ]
SQL: SELECT * FROM `ecs_goods` WHERE `goods_type` = 0  [ RunTime:0.0010s ]
SQL: SELECT * FROM `ecs_goods` WHERE `goods_type` = 0  [ RunTime:0.0000s ]
INFO: [ view_parse ] --START--
INFO: [ template_filter ] --START--
INFO: Run Behavior\ContentReplaceBehavior [ RunTime:0.000000s ]
INFO: [ template_filter ] --END-- [ RunTime:0.000000s ]
INFO: Run Behavior\ParseTemplateBehavior [ RunTime:0.026002s ]
INFO: [ view_parse ] --END-- [ RunTime:0.026002s ]
INFO: [ view_filter ] --START--
INFO: Run Behavior\WriteHtmlCacheBehavior [ RunTime:0.001000s ]
INFO: [ view_filter ] --END-- [ RunTime:0.001000s ]
INFO: [ app_end ] --START--
INFO: Run Behavior\ShowPageTraceBehavior [ RunTime:0.002000s ]
INFO: [ app_end ] --END-- [ RunTime:0.002000s ]

[ 2016-11-19T10:09:19+08:00 ] ::1 /tpshop/index.php/home/index/index
INFO: [ app_init ] --START--
INFO: Run Behavior\BuildLiteBehavior [ RunTime:0.000000s ]
INFO: [ app_init ] --END-- [ RunTime:0.001000s ]
INFO: [ app_begin ] --START--
INFO: Run Behavior\ReadHtmlCacheBehavior [ RunTime:0.002000s ]
INFO: [ app_begin ] --END-- [ RunTime:0.002000s ]
SQL: SHOW COLUMNS FROM `ecs_goods` [ RunTime:0.0080s ]
SQL: SELECT * FROM `ecs_goods` WHERE `is_hot` = 1  [ RunTime:0.0010s ]
SQL: SELECT * FROM `ecs_goods`  [ RunTime:0.0010s ]
SQL: SELECT * FROM `ecs_goods`  [ RunTime:0.0000s ]
SQL: SELECT * FROM `ecs_goods` WHERE `is_new` = 1  [ RunTime:0.0010s ]
SQL: SELECT * FROM `ecs_goods`  [ RunTime:0.0010s ]
SQL: SELECT * FROM `ecs_goods` WHERE `goods_type` = 0  [ RunTime:0.0010s ]
SQL: SELECT * FROM `ecs_goods` WHERE `goods_type` = 0  [ RunTime:0.0000s ]
SQL: SELECT * FROM `ecs_goods` WHERE `goods_type` = 0  [ RunTime:0.0000s ]
SQL: SELECT * FROM `ecs_goods` WHERE `goods_type` = 0  [ RunTime:0.0000s ]
INFO: [ view_parse ] --START--
INFO: [ template_filter ] --START--
INFO: Run Behavior\ContentReplaceBehavior [ RunTime:0.000000s ]
INFO: [ template_filter ] --END-- [ RunTime:0.000000s ]
INFO: Run Behavior\ParseTemplateBehavior [ RunTime:0.028002s ]
INFO: [ view_parse ] --END-- [ RunTime:0.028002s ]
INFO: [ view_filter ] --START--
INFO: Run Behavior\WriteHtmlCacheBehavior [ RunTime:0.003000s ]
INFO: [ view_filter ] --END-- [ RunTime:0.003000s ]
INFO: [ app_end ] --START--
INFO: Run Behavior\ShowPageTraceBehavior [ RunTime:0.003000s ]
INFO: [ app_end ] --END-- [ RunTime:0.003000s ]

[ 2016-11-19T20:56:02+08:00 ] ::1 /tpshop/index.php/home/user/index.html
ERR: 非法操作:index

[ 2016-11-19T20:56:03+08:00 ] ::1 /tpshop/index.php/home/user/index.html
ERR: 非法操作:index

[ 2016-11-19T20:56:05+08:00 ] ::1 /tpshop/index.php/home/user/index.html
ERR: 非法操作:index

[ 2016-11-19T20:56:16+08:00 ] ::1 /tpshop/index.php/home/user/index.html
ERR: 非法操作:index

[ 2016-11-19T20:57:46+08:00 ] ::1 /tpshop/index.php/home/user/index.html
ERR: 非法操作:index

[ 2016-11-19T21:30:34+08:00 ] ::1 /tpshop/index.php/home/index/index.html
ERR: XML标签语法错误 : isset

[ 2016-11-19T21:35:47+08:00 ] ::1 /tpshop/index.php/Home/index/index.html
ERR: XML标签语法错误 : isset({$Think.const.SESSION['username']})

[ 2016-11-19T21:36:31+08:00 ] ::1 /tpshop/index.php/Home/index/index.html
ERR: XML标签语法错误 : isset({$Think.const.SESSION['username']})

[ 2016-11-19T21:36:35+08:00 ] ::1 /tpshop/index.php/Home/index/index.html
ERR: XML标签语法错误 : ({$Think.const.SESSION['username']})

